{"numFailedTestSuites":0,"numFailedTests":0,"numPassedTestSuites":71,"numPassedTests":230,"numPendingTestSuites":0,"numPendingTests":0,"numRuntimeErrorTestSuites":0,"numTodoTests":0,"numTotalTestSuites":71,"numTotalTests":230,"openHandles":[],"snapshot":{"added":0,"didUpdate":false,"failure":false,"filesAdded":0,"filesRemoved":0,"filesRemovedList":[],"filesUnmatched":0,"filesUpdated":0,"matched":0,"total":0,"unchecked":0,"uncheckedKeysByFile":[],"unmatched":0,"updated":0},"startTime":1760294992184,"success":true,"testResults":[{"assertionResults":[{"ancestorTitles":["Voxel-to-Mesh Semantics Diagnostic"],"duration":17,"failureDetails":[],"failureMessages":[],"fullName":"Voxel-to-Mesh Semantics Diagnostic EMPTY voxels should NOT generate geometry","invocations":1,"location":null,"numPassingAsserts":1,"retryReasons":[],"status":"passed","title":"EMPTY voxels should NOT generate geometry"},{"ancestorTitles":["Voxel-to-Mesh Semantics Diagnostic"],"duration":14,"failureDetails":[],"failureMessages":[],"fullName":"Voxel-to-Mesh Semantics Diagnostic SOLID voxels SHOULD generate geometry","invocations":1,"location":null,"numPassingAsserts":1,"retryReasons":[],"status":"passed","title":"SOLID voxels SHOULD generate geometry"},{"ancestorTitles":["Voxel-to-Mesh Semantics Diagnostic"],"duration":11,"failureDetails":[],"failureMessages":[],"fullName":"Voxel-to-Mesh Semantics Diagnostic corridor_ns middle layer: walls=SOLID (render), corridor=EMPTY (no render)","invocations":1,"location":null,"numPassingAsserts":5,"retryReasons":[],"status":"passed","title":"corridor_ns middle layer: walls=SOLID (render), corridor=EMPTY (no render)"}],"endTime":1760294992968,"message":"","name":"/media/peter/4509da27-4751-4dee-b366-f3983d077725/peter/projects/explore/tests/diagnostic_voxel_rendering.test.js","startTime":1760294992706,"status":"passed","summary":""},{"assertionResults":[{"ancestorTitles":["rules snapshot"],"duration":44,"failureDetails":[],"failureMessages":[],"fullName":"rules snapshot stair forward has at least one clear-volume neighbor and stairs are isolated laterally","invocations":1,"location":null,"numPassingAsserts":556,"retryReasons":[],"status":"passed","title":"stair forward has at least one clear-volume neighbor and stairs are isolated laterally"}],"endTime":1760294992986,"message":"","name":"/media/peter/4509da27-4751-4dee-b366-f3983d077725/peter/projects/explore/tests/rules_snapshot.test.js","startTime":1760294992719,"status":"passed","summary":""},{"assertionResults":[{"ancestorTitles":["Mesh Uniqueness (Unified Pipeline)"],"duration":22,"failureDetails":[],"failureMessages":[],"fullName":"Mesh Uniqueness (Unified Pipeline) corridor variants vs room produce different signatures","invocations":1,"location":null,"numPassingAsserts":3,"retryReasons":[],"status":"passed","title":"corridor variants vs room produce different signatures"},{"ancestorTitles":["Mesh Uniqueness (Unified Pipeline)"],"duration":10,"failureDetails":[],"failureMessages":[],"fullName":"Mesh Uniqueness (Unified Pipeline) stair voxel differs from solid wall","invocations":1,"location":null,"numPassingAsserts":1,"retryReasons":[],"status":"passed","title":"stair voxel differs from solid wall"}],"endTime":1760294993043,"message":"","name":"/media/peter/4509da27-4751-4dee-b366-f3983d077725/peter/projects/explore/tests/mesh_uniqueness.test.js","startTime":1760294992721,"status":"passed","summary":""},{"assertionResults":[{"ancestorTitles":["Empty Tile Stacking Analysis"],"duration":72,"failureDetails":[],"failureMessages":[],"fullName":"Empty Tile Stacking Analysis should create and test completely empty tiles (all voxels = 0)","invocations":1,"location":null,"numPassingAsserts":1,"retryReasons":[],"status":"passed","title":"should create and test completely empty tiles (all voxels = 0)"},{"ancestorTitles":["Empty Tile Stacking Analysis"],"duration":4,"failureDetails":[],"failureMessages":[],"fullName":"Empty Tile Stacking Analysis should test stacked empty tiles for unwanted ceiling/floor generation","invocations":1,"location":null,"numPassingAsserts":2,"retryReasons":[],"status":"passed","title":"should test stacked empty tiles for unwanted ceiling/floor generation"},{"ancestorTitles":["Empty Tile Stacking Analysis"],"duration":4,"failureDetails":[],"failureMessages":[],"fullName":"Empty Tile Stacking Analysis should test mixed scenario: walkable tile below empty tile","invocations":1,"location":null,"numPassingAsserts":2,"retryReasons":[],"status":"passed","title":"should test mixed scenario: walkable tile below empty tile"},{"ancestorTitles":["Empty Tile Stacking Analysis"],"duration":3,"failureDetails":[],"failureMessages":[],"fullName":"Empty Tile Stacking Analysis should analyze what happens in opposite scenario: empty below walkable","invocations":1,"location":null,"numPassingAsserts":2,"retryReasons":[],"status":"passed","title":"should analyze what happens in opposite scenario: empty below walkable"}],"endTime":1760294993049,"message":"","name":"/media/peter/4509da27-4751-4dee-b366-f3983d077725/peter/projects/explore/tests/empty_tile_stacking.test.js","startTime":1760294992744,"status":"passed","summary":""},{"assertionResults":[{"ancestorTitles":["Multi-Level WFC Debug"],"duration":30,"failureDetails":[],"failureMessages":[],"fullName":"Multi-Level WFC Debug should identify why WFC stalls on height > 1","invocations":1,"location":null,"numPassingAsserts":0,"retryReasons":[],"status":"passed","title":"should identify why WFC stalls on height > 1"},{"ancestorTitles":["Multi-Level WFC Debug"],"duration":24,"failureDetails":[],"failureMessages":[],"fullName":"Multi-Level WFC Debug should compare against working 2D generation","invocations":1,"location":null,"numPassingAsserts":0,"retryReasons":[],"status":"passed","title":"should compare against working 2D generation"}],"endTime":1760294993079,"message":"","name":"/media/peter/4509da27-4751-4dee-b366-f3983d077725/peter/projects/explore/tests/multi_level_wfc_debug.test.js","startTime":1760294992735,"status":"passed","summary":""},{"assertionResults":[{"ancestorTitles":["MapEditor Selection Behavior"],"duration":6,"failureDetails":[],"failureMessages":[],"fullName":"MapEditor Selection Behavior clearHighlight resets selectedTileId and emissive color","invocations":1,"location":null,"numPassingAsserts":2,"retryReasons":[],"status":"passed","title":"clearHighlight resets selectedTileId and emissive color"},{"ancestorTitles":["MapEditor Selection Behavior"],"duration":1,"failureDetails":[],"failureMessages":[],"fullName":"MapEditor Selection Behavior highlightTile clears previous highlight and applies new one","invocations":1,"location":null,"numPassingAsserts":3,"retryReasons":[],"status":"passed","title":"highlightTile clears previous highlight and applies new one"},{"ancestorTitles":["MapEditor Selection Behavior"],"duration":5,"failureDetails":[],"failureMessages":[],"fullName":"MapEditor Selection Behavior UI interaction flow: selecting tiles via mouse click highlights only one at a time","invocations":1,"location":null,"numPassingAsserts":4,"retryReasons":[],"status":"passed","title":"UI interaction flow: selecting tiles via mouse click highlights only one at a time"},{"ancestorTitles":["MapEditor Selection Behavior"],"duration":1,"failureDetails":[],"failureMessages":[],"fullName":"MapEditor Selection Behavior only one tile remains highlighted when multiple tiles exist","invocations":1,"location":null,"numPassingAsserts":6,"retryReasons":[],"status":"passed","title":"only one tile remains highlighted when multiple tiles exist"}],"endTime":1760294993081,"message":"","name":"/media/peter/4509da27-4751-4dee-b366-f3983d077725/peter/projects/explore/tests/map_editor_selection.test.js","startTime":1760294992796,"status":"passed","summary":""},{"assertionResults":[{"ancestorTitles":["Voxel Semantics Diagnostic"],"duration":25,"failureDetails":[],"failureMessages":[],"fullName":"Voxel Semantics Diagnostic corridor_ns structure data is correct","invocations":1,"location":null,"numPassingAsserts":0,"retryReasons":[],"status":"passed","title":"corridor_ns structure data is correct"},{"ancestorTitles":["Voxel Semantics Diagnostic"],"duration":10,"failureDetails":[],"failureMessages":[],"fullName":"Voxel Semantics Diagnostic corridor_ns mesh generation matches voxel data","invocations":1,"location":null,"numPassingAsserts":3,"retryReasons":[],"status":"passed","title":"corridor_ns mesh generation matches voxel data"},{"ancestorTitles":["Voxel Semantics Diagnostic"],"duration":6,"failureDetails":[],"failureMessages":[],"fullName":"Voxel Semantics Diagnostic open_space_3x3 structure data is correct","invocations":1,"location":null,"numPassingAsserts":2,"retryReasons":[],"status":"passed","title":"open_space_3x3 structure data is correct"}],"endTime":1760294993109,"message":"","name":"/media/peter/4509da27-4751-4dee-b366-f3983d077725/peter/projects/explore/tests/voxel_semantics_diagnostic.test.js","startTime":1760294992719,"status":"passed","summary":""},{"assertionResults":[{"ancestorTitles":["WFC Stair Rule Generation"],"duration":37,"failureDetails":[],"failureMessages":[],"fullName":"WFC Stair Rule Generation should count rules generated for each tile type","invocations":1,"location":null,"numPassingAsserts":0,"retryReasons":[],"status":"passed","title":"should count rules generated for each tile type"},{"ancestorTitles":["WFC Stair Rule Generation"],"duration":3,"failureDetails":[],"failureMessages":[],"fullName":"WFC Stair Rule Generation should analyze stair edge diversity","invocations":1,"location":null,"numPassingAsserts":0,"retryReasons":[],"status":"passed","title":"should analyze stair edge diversity"}],"endTime":1760294993105,"message":"","name":"/media/peter/4509da27-4751-4dee-b366-f3983d077725/peter/projects/explore/tests/wfc_stair_rules.test.js","startTime":1760294993005,"status":"passed","summary":""},{"assertionResults":[{"ancestorTitles":["Tile Editor Mesh Generation"],"duration":25,"failureDetails":[],"failureMessages":[],"fullName":"Tile Editor Mesh Generation different structures produce different voxel patterns","invocations":1,"location":null,"numPassingAsserts":1,"retryReasons":[],"status":"passed","title":"different structures produce different voxel patterns"},{"ancestorTitles":["Tile Editor Mesh Generation"],"duration":53,"failureDetails":[],"failureMessages":[],"fullName":"Tile Editor Mesh Generation different structures produce meshes with different child counts","invocations":1,"location":null,"numPassingAsserts":9,"retryReasons":[],"status":"passed","title":"different structures produce meshes with different child counts"},{"ancestorTitles":["Tile Editor Mesh Generation"],"duration":13,"failureDetails":[],"failureMessages":[],"fullName":"Tile Editor Mesh Generation mesh children have correct positions based on structure","invocations":1,"location":null,"numPassingAsserts":4,"retryReasons":[],"status":"passed","title":"mesh children have correct positions based on structure"},{"ancestorTitles":["Tile Editor Mesh Generation"],"duration":23,"failureDetails":[],"failureMessages":[],"fullName":"Tile Editor Mesh Generation createMeshFromStructureObject extracts structure correctly","invocations":1,"location":null,"numPassingAsserts":1,"retryReasons":[],"status":"passed","title":"createMeshFromStructureObject extracts structure correctly"},{"ancestorTitles":["Tile Editor Mesh Generation"],"duration":14,"failureDetails":[],"failureMessages":[],"fullName":"Tile Editor Mesh Generation sequential calls with different structures produce different results","invocations":1,"location":null,"numPassingAsserts":3,"retryReasons":[],"status":"passed","title":"sequential calls with different structures produce different results"},{"ancestorTitles":["Tile Editor Mesh Generation"],"duration":8,"failureDetails":[],"failureMessages":[],"fullName":"Tile Editor Mesh Generation repeated calls return distinct mesh instances for the same structure","invocations":1,"location":null,"numPassingAsserts":2,"retryReasons":[],"status":"passed","title":"repeated calls return distinct mesh instances for the same structure"},{"ancestorTitles":["Tile Editor Mesh Generation"],"duration":11,"failureDetails":[],"failureMessages":[],"fullName":"Tile Editor Mesh Generation structures sharing a type render unique meshes","invocations":1,"location":null,"numPassingAsserts":1,"retryReasons":[],"status":"passed","title":"structures sharing a type render unique meshes"},{"ancestorTitles":["Tile Editor Mesh Generation"],"duration":19,"failureDetails":[],"failureMessages":[],"fullName":"Tile Editor Mesh Generation cache invalidation clears previous entries","invocations":1,"location":null,"numPassingAsserts":2,"retryReasons":[],"status":"passed","title":"cache invalidation clears previous entries"}],"endTime":1760294993103,"message":"","name":"/media/peter/4509da27-4751-4dee-b366-f3983d077725/peter/projects/explore/tests/tile_editor_meshes.test.js","startTime":1760294992715,"status":"passed","summary":""},{"assertionResults":[{"ancestorTitles":["Floor Missing Analysis"],"duration":28,"failureDetails":[],"failureMessages":[],"fullName":"Floor Missing Analysis should analyze floor mesh generation for empty room tiles","invocations":1,"location":null,"numPassingAsserts":1,"retryReasons":[],"status":"passed","title":"should analyze floor mesh generation for empty room tiles"},{"ancestorTitles":["Floor Missing Analysis"],"duration":4,"failureDetails":[],"failureMessages":[],"fullName":"Floor Missing Analysis should test stacked empty room scenario","invocations":1,"location":null,"numPassingAsserts":2,"retryReasons":[],"status":"passed","title":"should test stacked empty room scenario"},{"ancestorTitles":["Floor Missing Analysis"],"duration":2,"failureDetails":[],"failureMessages":[],"fullName":"Floor Missing Analysis should examine tile voxel data to understand floor generation logic","invocations":1,"location":null,"numPassingAsserts":0,"retryReasons":[],"status":"passed","title":"should examine tile voxel data to understand floor generation logic"}],"endTime":1760294993141,"message":"","name":"/media/peter/4509da27-4751-4dee-b366-f3983d077725/peter/projects/explore/tests/floor_missing_analysis.test.js","startTime":1760294992886,"status":"passed","summary":""},{"assertionResults":[{"ancestorTitles":["3D WFC Generation"],"duration":147,"failureDetails":[],"failureMessages":[],"fullName":"3D WFC Generation should generate 3x3x3 map without errors","invocations":1,"location":null,"numPassingAsserts":0,"retryReasons":[],"status":"passed","title":"should generate 3x3x3 map without errors"}],"endTime":1760294993111,"message":"","name":"/media/peter/4509da27-4751-4dee-b366-f3983d077725/peter/projects/explore/tests/test_3d_generation.test.js","startTime":1760294992710,"status":"passed","summary":""},{"assertionResults":[{"ancestorTitles":["Voxel3DViewer"],"duration":27,"failureDetails":[],"failureMessages":[],"fullName":"Voxel3DViewer should create viewer with valid canvas","invocations":1,"location":null,"numPassingAsserts":3,"retryReasons":[],"status":"passed","title":"should create viewer with valid canvas"},{"ancestorTitles":["Voxel3DViewer"],"duration":2,"failureDetails":[],"failureMessages":[],"fullName":"Voxel3DViewer should set mesh and clear previous","invocations":1,"location":null,"numPassingAsserts":3,"retryReasons":[],"status":"passed","title":"should set mesh and clear previous"},{"ancestorTitles":["Voxel3DViewer"],"duration":2,"failureDetails":[],"failureMessages":[],"fullName":"Voxel3DViewer should cleanup resources","invocations":1,"location":null,"numPassingAsserts":1,"retryReasons":[],"status":"passed","title":"should cleanup resources"},{"ancestorTitles":["Voxel3DViewer"],"duration":9,"failureDetails":[],"failureMessages":[],"fullName":"Voxel3DViewer should get viewer data","invocations":1,"location":null,"numPassingAsserts":4,"retryReasons":[],"status":"passed","title":"should get viewer data"},{"ancestorTitles":["ViewerControls"],"duration":3,"failureDetails":[],"failureMessages":[],"fullName":"ViewerControls should create controls and attach to viewer","invocations":1,"location":null,"numPassingAsserts":2,"retryReasons":[],"status":"passed","title":"should create controls and attach to viewer"},{"ancestorTitles":["ViewerControls"],"duration":3,"failureDetails":[],"failureMessages":[],"fullName":"ViewerControls should disable controls and remove listeners","invocations":1,"location":null,"numPassingAsserts":1,"retryReasons":[],"status":"passed","title":"should disable controls and remove listeners"},{"ancestorTitles":["ViewerControls"],"duration":1,"failureDetails":[],"failureMessages":[],"fullName":"ViewerControls should destroy controls","invocations":1,"location":null,"numPassingAsserts":2,"retryReasons":[],"status":"passed","title":"should destroy controls"},{"ancestorTitles":["StructureMeshPipeline"],"duration":12,"failureDetails":[],"failureMessages":[],"fullName":"StructureMeshPipeline should create mesh from structure layers","invocations":1,"location":null,"numPassingAsserts":1,"retryReasons":[],"status":"passed","title":"should create mesh from structure layers"},{"ancestorTitles":["StructureMeshPipeline"],"duration":1,"failureDetails":[],"failureMessages":[],"fullName":"StructureMeshPipeline should create mesh from structure object","invocations":1,"location":null,"numPassingAsserts":1,"retryReasons":[],"status":"passed","title":"should create mesh from structure object"},{"ancestorTitles":["StructureMeshPipeline"],"duration":0,"failureDetails":[],"failureMessages":[],"fullName":"StructureMeshPipeline should create mesh from structure ID","invocations":1,"location":null,"numPassingAsserts":1,"retryReasons":[],"status":"passed","title":"should create mesh from structure ID"},{"ancestorTitles":["StructureMeshPipeline"],"duration":1,"failureDetails":[],"failureMessages":[],"fullName":"StructureMeshPipeline should throw for non-existent structure ID","invocations":1,"location":null,"numPassingAsserts":1,"retryReasons":[],"status":"passed","title":"should throw for non-existent structure ID"},{"ancestorTitles":["ModalManager"],"duration":18,"failureDetails":[],"failureMessages":[],"fullName":"ModalManager should create modal with title and content","invocations":1,"location":null,"numPassingAsserts":2,"retryReasons":[],"status":"passed","title":"should create modal with title and content"},{"ancestorTitles":["ModalManager"],"duration":8,"failureDetails":[],"failureMessages":[],"fullName":"ModalManager should create confirm dialog","invocations":1,"location":null,"numPassingAsserts":2,"retryReasons":[],"status":"passed","title":"should create confirm dialog"},{"ancestorTitles":["ModalManager"],"duration":6,"failureDetails":[],"failureMessages":[],"fullName":"ModalManager should show notification","invocations":1,"location":null,"numPassingAsserts":1,"retryReasons":[],"status":"passed","title":"should show notification"},{"ancestorTitles":["ModalManager"],"duration":4,"failureDetails":[],"failureMessages":[],"fullName":"ModalManager should close modal","invocations":1,"location":null,"numPassingAsserts":1,"retryReasons":[],"status":"passed","title":"should close modal"},{"ancestorTitles":["Integration Tests"],"duration":4,"failureDetails":[],"failureMessages":[],"fullName":"Integration Tests viewer and controls work together","invocations":1,"location":null,"numPassingAsserts":2,"retryReasons":[],"status":"passed","title":"viewer and controls work together"},{"ancestorTitles":["Integration Tests"],"duration":8,"failureDetails":[],"failureMessages":[],"fullName":"Integration Tests pipeline creates meshes for editor structures","invocations":1,"location":null,"numPassingAsserts":1,"retryReasons":[],"status":"passed","title":"pipeline creates meshes for editor structures"}],"endTime":1760294993156,"message":"","name":"/media/peter/4509da27-4751-4dee-b366-f3983d077725/peter/projects/explore/tests/refactored-classes.test.js","startTime":1760294992772,"status":"passed","summary":""},{"assertionResults":[{"ancestorTitles":["Modular Tileset Architecture","TileStructures"],"duration":7,"failureDetails":[],"failureMessages":[],"fullName":"Modular Tileset Architecture TileStructures should define base geometric structures with edge patterns","invocations":1,"location":null,"numPassingAsserts":67,"retryReasons":[],"status":"passed","title":"should define base geometric structures with edge patterns"},{"ancestorTitles":["Modular Tileset Architecture","TileStructures"],"duration":0,"failureDetails":[],"failureMessages":[],"fullName":"Modular Tileset Architecture TileStructures should provide structure transformations (rotations)","invocations":1,"location":null,"numPassingAsserts":1,"retryReasons":[],"status":"passed","title":"should provide structure transformations (rotations)"},{"ancestorTitles":["Modular Tileset Architecture","TileStructures"],"duration":3,"failureDetails":[],"failureMessages":[],"fullName":"Modular Tileset Architecture TileStructures should validate edge pattern consistency","invocations":1,"location":null,"numPassingAsserts":80,"retryReasons":[],"status":"passed","title":"should validate edge pattern consistency"},{"ancestorTitles":["Modular Tileset Architecture","TileMetadata"],"duration":0,"failureDetails":[],"failureMessages":[],"fullName":"Modular Tileset Architecture TileMetadata should define weight packages","invocations":1,"location":null,"numPassingAsserts":6,"retryReasons":[],"status":"passed","title":"should define weight packages"},{"ancestorTitles":["Modular Tileset Architecture","TileMetadata"],"duration":0,"failureDetails":[],"failureMessages":[],"fullName":"Modular Tileset Architecture TileMetadata should define role packages","invocations":1,"location":null,"numPassingAsserts":3,"retryReasons":[],"status":"passed","title":"should define role packages"},{"ancestorTitles":["Modular Tileset Architecture","TileMetadata"],"duration":1,"failureDetails":[],"failureMessages":[],"fullName":"Modular Tileset Architecture TileMetadata should provide specialized packages","invocations":1,"location":null,"numPassingAsserts":2,"retryReasons":[],"status":"passed","title":"should provide specialized packages"},{"ancestorTitles":["Modular Tileset Architecture","TilePackages"],"duration":3,"failureDetails":[],"failureMessages":[],"fullName":"Modular Tileset Architecture TilePackages should define complete tile configurations","invocations":1,"location":null,"numPassingAsserts":54,"retryReasons":[],"status":"passed","title":"should define complete tile configurations"},{"ancestorTitles":["Modular Tileset Architecture","TilePackages"],"duration":0,"failureDetails":[],"failureMessages":[],"fullName":"Modular Tileset Architecture TilePackages should support different dungeon types","invocations":1,"location":null,"numPassingAsserts":6,"retryReasons":[],"status":"passed","title":"should support different dungeon types"},{"ancestorTitles":["Modular Tileset Architecture","TilePackages"],"duration":0,"failureDetails":[],"failureMessages":[],"fullName":"Modular Tileset Architecture TilePackages should allow multi-level configurations","invocations":1,"location":null,"numPassingAsserts":3,"retryReasons":[],"status":"passed","title":"should allow multi-level configurations"},{"ancestorTitles":["Modular Tileset Architecture","PackageResolver"],"duration":4,"failureDetails":[],"failureMessages":[],"fullName":"Modular Tileset Architecture PackageResolver should resolve tile packages to WFC-compatible format","invocations":1,"location":null,"numPassingAsserts":106,"retryReasons":[],"status":"passed","title":"should resolve tile packages to WFC-compatible format"},{"ancestorTitles":["Modular Tileset Architecture","PackageResolver"],"duration":0,"failureDetails":[],"failureMessages":[],"fullName":"Modular Tileset Architecture PackageResolver should apply rotations correctly","invocations":1,"location":null,"numPassingAsserts":2,"retryReasons":[],"status":"passed","title":"should apply rotations correctly"},{"ancestorTitles":["Modular Tileset Architecture","PackageResolver"],"duration":0,"failureDetails":[],"failureMessages":[],"fullName":"Modular Tileset Architecture PackageResolver should preserve backward compatibility","invocations":1,"location":null,"numPassingAsserts":6,"retryReasons":[],"status":"passed","title":"should preserve backward compatibility"},{"ancestorTitles":["Modular Tileset Architecture","PackageResolver"],"duration":1,"failureDetails":[],"failureMessages":[],"fullName":"Modular Tileset Architecture PackageResolver should handle weight packages correctly","invocations":1,"location":null,"numPassingAsserts":3,"retryReasons":[],"status":"passed","title":"should handle weight packages correctly"},{"ancestorTitles":["Modular Tileset Architecture","PackageResolver"],"duration":0,"failureDetails":[],"failureMessages":[],"fullName":"Modular Tileset Architecture PackageResolver should validate edge pattern compatibility","invocations":1,"location":null,"numPassingAsserts":2,"retryReasons":[],"status":"passed","title":"should validate edge pattern compatibility"},{"ancestorTitles":["Modular Tileset Architecture","Integration Tests"],"duration":1,"failureDetails":[],"failureMessages":[],"fullName":"Modular Tileset Architecture Integration Tests should integrate with existing WFC system","invocations":1,"location":null,"numPassingAsserts":2,"retryReasons":[],"status":"passed","title":"should integrate with existing WFC system"},{"ancestorTitles":["Modular Tileset Architecture","Integration Tests"],"duration":3,"failureDetails":[],"failureMessages":[],"fullName":"Modular Tileset Architecture Integration Tests should support dynamic package switching","invocations":1,"location":null,"numPassingAsserts":6,"retryReasons":[],"status":"passed","title":"should support dynamic package switching"}],"endTime":1760294993151,"message":"","name":"/media/peter/4509da27-4751-4dee-b366-f3983d077725/peter/projects/explore/tests/modular_tileset.test.js","startTime":1760294993066,"status":"passed","summary":""},{"assertionResults":[{"ancestorTitles":["Stair Connectivity Tests"],"duration":4,"failureDetails":[],"failureMessages":[],"fullName":"Stair Connectivity Tests should handle stairs as traversable connections","invocations":1,"location":null,"numPassingAsserts":0,"retryReasons":[],"status":"passed","title":"should handle stairs as traversable connections"},{"ancestorTitles":["Stair Connectivity Tests"],"duration":56,"failureDetails":[],"failureMessages":[],"fullName":"Stair Connectivity Tests should connect levels through stairs in multi-level maps","invocations":1,"location":null,"numPassingAsserts":2,"retryReasons":[],"status":"passed","title":"should connect levels through stairs in multi-level maps"},{"ancestorTitles":["Tile Combination Edge Cases"],"duration":8,"failureDetails":[],"failureMessages":[],"fullName":"Tile Combination Edge Cases should handle corridors connecting to rooms","invocations":1,"location":null,"numPassingAsserts":2,"retryReasons":[],"status":"passed","title":"should handle corridors connecting to rooms"},{"ancestorTitles":["Tile Combination Edge Cases"],"duration":1,"failureDetails":[],"failureMessages":[],"fullName":"Tile Combination Edge Cases should handle T-junctions connecting multiple corridors","invocations":1,"location":null,"numPassingAsserts":0,"retryReasons":[],"status":"passed","title":"should handle T-junctions connecting multiple corridors"},{"ancestorTitles":["Tile Combination Edge Cases"],"duration":1,"failureDetails":[],"failureMessages":[],"fullName":"Tile Combination Edge Cases should handle dead-end corridors without breaking connectivity","invocations":1,"location":null,"numPassingAsserts":1,"retryReasons":[],"status":"passed","title":"should handle dead-end corridors without breaking connectivity"},{"ancestorTitles":["Boundary and Layout Tests"],"duration":34,"failureDetails":[],"failureMessages":[],"fullName":"Boundary and Layout Tests should handle maps with solid walls around perimeter","invocations":1,"location":null,"numPassingAsserts":3,"retryReasons":[],"status":"passed","title":"should handle maps with solid walls around perimeter"},{"ancestorTitles":["Boundary and Layout Tests"],"duration":10,"failureDetails":[],"failureMessages":[],"fullName":"Boundary and Layout Tests should handle asymmetric map dimensions","invocations":1,"location":null,"numPassingAsserts":2,"retryReasons":[],"status":"passed","title":"should handle asymmetric map dimensions"},{"ancestorTitles":["Boundary and Layout Tests"],"duration":6,"failureDetails":[],"failureMessages":[],"fullName":"Boundary and Layout Tests should handle minimum viable map size","invocations":1,"location":null,"numPassingAsserts":2,"retryReasons":[],"status":"passed","title":"should handle minimum viable map size"},{"ancestorTitles":["Tile Rotation Connectivity"],"duration":0,"failureDetails":[],"failureMessages":[],"fullName":"Tile Rotation Connectivity should maintain connectivity across all tile rotations","invocations":1,"location":null,"numPassingAsserts":0,"retryReasons":[],"status":"passed","title":"should maintain connectivity across all tile rotations"},{"ancestorTitles":["Complex Layout Patterns"],"duration":38,"failureDetails":[],"failureMessages":[],"fullName":"Complex Layout Patterns should handle maze-like layouts","invocations":1,"location":null,"numPassingAsserts":2,"retryReasons":[],"status":"passed","title":"should handle maze-like layouts"},{"ancestorTitles":["Complex Layout Patterns"],"duration":1,"failureDetails":[],"failureMessages":[],"fullName":"Complex Layout Patterns should handle room-and-corridor layouts","invocations":1,"location":null,"numPassingAsserts":2,"retryReasons":[],"status":"passed","title":"should handle room-and-corridor layouts"}],"endTime":1760294993134,"message":"","name":"/media/peter/4509da27-4751-4dee-b366-f3983d077725/peter/projects/explore/tests/stair_connectivity.test.js","startTime":1760294992741,"status":"passed","summary":""},{"assertionResults":[{"ancestorTitles":["Solid Tile Debug Analysis"],"duration":23,"failureDetails":[],"failureMessages":[],"fullName":"Solid Tile Debug Analysis should debug solid tile (index 1) mesh generation","invocations":1,"location":null,"numPassingAsserts":0,"retryReasons":[],"status":"passed","title":"should debug solid tile (index 1) mesh generation"},{"ancestorTitles":["Solid Tile Debug Analysis"],"duration":8,"failureDetails":[],"failureMessages":[],"fullName":"Solid Tile Debug Analysis should find a proper walkable tile for comparison","invocations":1,"location":null,"numPassingAsserts":0,"retryReasons":[],"status":"passed","title":"should find a proper walkable tile for comparison"}],"endTime":1760294993192,"message":"","name":"/media/peter/4509da27-4751-4dee-b366-f3983d077725/peter/projects/explore/tests/solid_tile_debug.test.js","startTime":1760294993085,"status":"passed","summary":""},{"assertionResults":[{"ancestorTitles":["Coordinate Assignment Analysis"],"duration":19,"failureDetails":[],"failureMessages":[],"fullName":"Coordinate Assignment Analysis should analyze coordinate mapping in mesh generation","invocations":1,"location":null,"numPassingAsserts":0,"retryReasons":[],"status":"passed","title":"should analyze coordinate mapping in mesh generation"},{"ancestorTitles":["Coordinate Assignment Analysis"],"duration":14,"failureDetails":[],"failureMessages":[],"fullName":"Coordinate Assignment Analysis should identify the coordinate system issue","invocations":1,"location":null,"numPassingAsserts":0,"retryReasons":[],"status":"passed","title":"should identify the coordinate system issue"}],"endTime":1760294993203,"message":"","name":"/media/peter/4509da27-4751-4dee-b366-f3983d077725/peter/projects/explore/tests/coordinate_analysis.test.js","startTime":1760294993118,"status":"passed","summary":""},{"assertionResults":[{"ancestorTitles":[],"duration":17,"failureDetails":[],"failureMessages":[],"fullName":"generator aborts on stall by yield cap","invocations":1,"location":null,"numPassingAsserts":1,"retryReasons":[],"status":"passed","title":"generator aborts on stall by yield cap"},{"ancestorTitles":[],"duration":104,"failureDetails":[],"failureMessages":[],"fullName":"generator aborts on stall by time limit","invocations":1,"location":null,"numPassingAsserts":1,"retryReasons":[],"status":"passed","title":"generator aborts on stall by time limit"}],"endTime":1760294993182,"message":"","name":"/media/peter/4509da27-4751-4dee-b366-f3983d077725/peter/projects/explore/tests/wfc_stall_detection.test.js","startTime":1760294992996,"status":"passed","summary":""},{"assertionResults":[{"ancestorTitles":["User Workflow Fix - Tileset Modification Persistence"],"duration":56,"failureDetails":[],"failureMessages":[],"fullName":"User Workflow Fix - Tileset Modification Persistence should handle complete user workflow: load existing tileset, add tiles, show correct preview, persist changes","invocations":1,"location":null,"numPassingAsserts":15,"retryReasons":[],"status":"passed","title":"should handle complete user workflow: load existing tileset, add tiles, show correct preview, persist changes"},{"ancestorTitles":["User Workflow Fix - Tileset Modification Persistence"],"duration":91,"failureDetails":[],"failureMessages":[],"fullName":"User Workflow Fix - Tileset Modification Persistence should handle remove tiles workflow correctly","invocations":1,"location":null,"numPassingAsserts":5,"retryReasons":[],"status":"passed","title":"should handle remove tiles workflow correctly"}],"endTime":1760294993230,"message":"","name":"/media/peter/4509da27-4751-4dee-b366-f3983d077725/peter/projects/explore/tests/user_workflow_fix.test.js","startTime":1760294992804,"status":"passed","summary":""},{"assertionResults":[{"ancestorTitles":[],"duration":11,"failureDetails":[],"failureMessages":[],"fullName":"generateWFCDungeon aborts via signal","invocations":1,"location":null,"numPassingAsserts":1,"retryReasons":[],"status":"passed","title":"generateWFCDungeon aborts via signal"}],"endTime":1760294993199,"message":"","name":"/media/peter/4509da27-4751-4dee-b366-f3983d077725/peter/projects/explore/tests/wfc_abort.test.js","startTime":1760294993125,"status":"passed","summary":""},{"assertionResults":[{"ancestorTitles":["Edge Pattern Audit"],"duration":6,"failureDetails":[],"failureMessages":[],"fullName":"Edge Pattern Audit should identify all edge pattern compatibility issues","invocations":1,"location":null,"numPassingAsserts":1,"retryReasons":[],"status":"passed","title":"should identify all edge pattern compatibility issues"}],"endTime":1760294993212,"message":"","name":"/media/peter/4509da27-4751-4dee-b366-f3983d077725/peter/projects/explore/tests/edge_pattern_audit.test.js","startTime":1760294993151,"status":"passed","summary":""},{"assertionResults":[{"ancestorTitles":["Stair WFC Validation"],"duration":3,"failureDetails":[],"failureMessages":[],"fullName":"Stair WFC Validation should confirm stairs have no unique edge patterns","invocations":1,"location":null,"numPassingAsserts":1,"retryReasons":[],"status":"passed","title":"should confirm stairs have no unique edge patterns"},{"ancestorTitles":["Stair WFC Validation"],"duration":2,"failureDetails":[],"failureMessages":[],"fullName":"Stair WFC Validation should verify stairs maintain their structural integrity","invocations":1,"location":null,"numPassingAsserts":6,"retryReasons":[],"status":"passed","title":"should verify stairs maintain their structural integrity"},{"ancestorTitles":["Stair WFC Validation"],"duration":2,"failureDetails":[],"failureMessages":[],"fullName":"Stair WFC Validation should check that stairs can connect in all 4 rotations","invocations":1,"location":null,"numPassingAsserts":8,"retryReasons":[],"status":"passed","title":"should check that stairs can connect in all 4 rotations"},{"ancestorTitles":["Stair WFC Validation"],"duration":1,"failureDetails":[],"failureMessages":[],"fullName":"Stair WFC Validation should verify stair weight is appropriate for WFC","invocations":1,"location":null,"numPassingAsserts":4,"retryReasons":[],"status":"passed","title":"should verify stair weight is appropriate for WFC"}],"endTime":1760294993231,"message":"","name":"/media/peter/4509da27-4751-4dee-b366-f3983d077725/peter/projects/explore/tests/stair_wfc_validation.test.js","startTime":1760294993147,"status":"passed","summary":""},{"assertionResults":[{"ancestorTitles":["Widget System Integration"],"duration":26,"failureDetails":[],"failureMessages":[],"fullName":"Widget System Integration should bootstrap widgets correctly","invocations":1,"location":null,"numPassingAsserts":1,"retryReasons":[],"status":"passed","title":"should bootstrap widgets correctly"},{"ancestorTitles":["Widget System Integration"],"duration":2,"failureDetails":[],"failureMessages":[],"fullName":"Widget System Integration should handle missing containers gracefully","invocations":1,"location":null,"numPassingAsserts":2,"retryReasons":[],"status":"passed","title":"should handle missing containers gracefully"},{"ancestorTitles":["Widget System Integration"],"duration":3,"failureDetails":[],"failureMessages":[],"fullName":"Widget System Integration should work without Widget.js dependency","invocations":1,"location":null,"numPassingAsserts":1,"retryReasons":[],"status":"passed","title":"should work without Widget.js dependency"},{"ancestorTitles":["Widget System Integration"],"duration":1,"failureDetails":[],"failureMessages":[],"fullName":"Widget System Integration should register Handlebars helpers without throwing","invocations":1,"location":null,"numPassingAsserts":2,"retryReasons":[],"status":"passed","title":"should register Handlebars helpers without throwing"},{"ancestorTitles":["Widget System Integration"],"duration":2,"failureDetails":[],"failureMessages":[],"fullName":"Widget System Integration should mount main tabs widget to container","invocations":1,"location":null,"numPassingAsserts":1,"retryReasons":[],"status":"passed","title":"should mount main tabs widget to container"},{"ancestorTitles":["Widget System Integration"],"duration":1,"failureDetails":[],"failureMessages":[],"fullName":"Widget System Integration should handle Three.js canvas initialization","invocations":1,"location":null,"numPassingAsserts":1,"retryReasons":[],"status":"passed","title":"should handle Three.js canvas initialization"},{"ancestorTitles":["Widget System Integration"],"duration":3,"failureDetails":[],"failureMessages":[],"fullName":"Widget System Integration should bootstrap complete widget system","invocations":1,"location":null,"numPassingAsserts":1,"retryReasons":[],"status":"passed","title":"should bootstrap complete widget system"}],"endTime":1760294993265,"message":"","name":"/media/peter/4509da27-4751-4dee-b366-f3983d077725/peter/projects/explore/tests/widget-system-integration.test.js","startTime":1760294993004,"status":"passed","summary":""},{"assertionResults":[{"ancestorTitles":["generateWFCDungeon yielding"],"duration":38,"failureDetails":[],"failureMessages":[],"fullName":"generateWFCDungeon yielding does not block event loop by yielding between chunks","invocations":1,"location":null,"numPassingAsserts":2,"retryReasons":[],"status":"passed","title":"does not block event loop by yielding between chunks"}],"endTime":1760294993266,"message":"","name":"/media/peter/4509da27-4751-4dee-b366-f3983d077725/peter/projects/explore/tests/wfc_yielding.test.js","startTime":1760294993157,"status":"passed","summary":""},{"assertionResults":[{"ancestorTitles":["Tile Orientation Analysis"],"duration":18,"failureDetails":[],"failureMessages":[],"fullName":"Tile Orientation Analysis should detect material consistency across ceiling meshes","invocations":1,"location":null,"numPassingAsserts":3,"retryReasons":[],"status":"passed","title":"should detect material consistency across ceiling meshes"},{"ancestorTitles":["Tile Orientation Analysis"],"duration":4,"failureDetails":[],"failureMessages":[],"fullName":"Tile Orientation Analysis should test ceiling consistency across rotated tiles","invocations":1,"location":null,"numPassingAsserts":4,"retryReasons":[],"status":"passed","title":"should test ceiling consistency across rotated tiles"},{"ancestorTitles":["Tile Orientation Analysis"],"duration":4,"failureDetails":[],"failureMessages":[],"fullName":"Tile Orientation Analysis should analyze potential causes of ceiling color variations","invocations":1,"location":null,"numPassingAsserts":2,"retryReasons":[],"status":"passed","title":"should analyze potential causes of ceiling color variations"}],"endTime":1760294993263,"message":"","name":"/media/peter/4509da27-4751-4dee-b366-f3983d077725/peter/projects/explore/tests/tile_orientation_analysis.test.js","startTime":1760294993176,"status":"passed","summary":""},{"assertionResults":[{"ancestorTitles":["Voxel Normalization (Smoke)"],"duration":2,"failureDetails":[],"failureMessages":[],"fullName":"Voxel Normalization (Smoke) 2D pattern converts to canonical with solid floor & ceiling","invocations":1,"location":null,"numPassingAsserts":28,"retryReasons":[],"status":"passed","title":"2D pattern converts to canonical with solid floor & ceiling"},{"ancestorTitles":["Voxel Normalization (Smoke)"],"duration":1,"failureDetails":[],"failureMessages":[],"fullName":"Voxel Normalization (Smoke) three-layer string form converts to numeric voxels","invocations":1,"location":null,"numPassingAsserts":2,"retryReasons":[],"status":"passed","title":"three-layer string form converts to numeric voxels"},{"ancestorTitles":["Voxel Normalization (Smoke)"],"duration":0,"failureDetails":[],"failureMessages":[],"fullName":"Voxel Normalization (Smoke) canonical input returns deep clone (mutation-safe)","invocations":1,"location":null,"numPassingAsserts":2,"retryReasons":[],"status":"passed","title":"canonical input returns deep clone (mutation-safe)"}],"endTime":1760294993245,"message":"","name":"/media/peter/4509da27-4751-4dee-b366-f3983d077725/peter/projects/explore/tests/normalization_smoke.test.js","startTime":1760294993178,"status":"passed","summary":""},{"assertionResults":[{"ancestorTitles":["Connectivity Analysis Functions","extractTraversableSpaces"],"duration":4,"failureDetails":[],"failureMessages":[],"fullName":"Connectivity Analysis Functions extractTraversableSpaces should identify traversable spaces in middle layer","invocations":1,"location":null,"numPassingAsserts":2,"retryReasons":[],"status":"passed","title":"should identify traversable spaces in middle layer"},{"ancestorTitles":["Connectivity Analysis Functions","extractTraversableSpaces"],"duration":0,"failureDetails":[],"failureMessages":[],"fullName":"Connectivity Analysis Functions extractTraversableSpaces should return empty set for all-solid grid","invocations":1,"location":null,"numPassingAsserts":1,"retryReasons":[],"status":"passed","title":"should return empty set for all-solid grid"},{"ancestorTitles":["Connectivity Analysis Functions","analyzeConnectivity"],"duration":1,"failureDetails":[],"failureMessages":[],"fullName":"Connectivity Analysis Functions analyzeConnectivity should report full connectivity for connected spaces","invocations":1,"location":null,"numPassingAsserts":4,"retryReasons":[],"status":"passed","title":"should report full connectivity for connected spaces"},{"ancestorTitles":["Connectivity Analysis Functions","analyzeConnectivity"],"duration":2,"failureDetails":[],"failureMessages":[],"fullName":"Connectivity Analysis Functions analyzeConnectivity should detect isolated spaces","invocations":1,"location":null,"numPassingAsserts":4,"retryReasons":[],"status":"passed","title":"should detect isolated spaces"},{"ancestorTitles":["Connectivity Analysis Functions","analyzeConnectivity"],"duration":0,"failureDetails":[],"failureMessages":[],"fullName":"Connectivity Analysis Functions analyzeConnectivity should handle empty space set","invocations":1,"location":null,"numPassingAsserts":3,"retryReasons":[],"status":"passed","title":"should handle empty space set"},{"ancestorTitles":["WFC Map Connectivity"],"duration":81,"failureDetails":[],"failureMessages":[],"fullName":"WFC Map Connectivity should generate fully connected 3x3x1 maps","invocations":1,"location":null,"numPassingAsserts":11,"retryReasons":[],"status":"passed","title":"should generate fully connected 3x3x1 maps"},{"ancestorTitles":["WFC Map Connectivity"],"duration":97,"failureDetails":[],"failureMessages":[],"fullName":"WFC Map Connectivity should generate fully connected 5x5x1 maps","invocations":1,"location":null,"numPassingAsserts":6,"retryReasons":[],"status":"passed","title":"should generate fully connected 5x5x1 maps"},{"ancestorTitles":["WFC Map Connectivity"],"duration":106,"failureDetails":[],"failureMessages":[],"fullName":"WFC Map Connectivity should generate fully connected multi-level maps","invocations":1,"location":null,"numPassingAsserts":6,"retryReasons":[],"status":"passed","title":"should generate fully connected multi-level maps"},{"ancestorTitles":["WFC Map Connectivity"],"duration":5,"failureDetails":[],"failureMessages":[],"fullName":"WFC Map Connectivity should provide detailed connectivity reports","invocations":1,"location":null,"numPassingAsserts":3,"retryReasons":[],"status":"passed","title":"should provide detailed connectivity reports"},{"ancestorTitles":["Connectivity Edge Cases"],"duration":0,"failureDetails":[],"failureMessages":[],"fullName":"Connectivity Edge Cases should handle maps with only solid tiles","invocations":1,"location":null,"numPassingAsserts":2,"retryReasons":[],"status":"passed","title":"should handle maps with only solid tiles"},{"ancestorTitles":["Connectivity Edge Cases"],"duration":0,"failureDetails":[],"failureMessages":[],"fullName":"Connectivity Edge Cases should handle single tile maps","invocations":1,"location":null,"numPassingAsserts":2,"retryReasons":[],"status":"passed","title":"should handle single tile maps"},{"ancestorTitles":["Connectivity Edge Cases"],"duration":0,"failureDetails":[],"failureMessages":[],"fullName":"Connectivity Edge Cases should detect connectivity issues in manually constructed scenarios","invocations":1,"location":null,"numPassingAsserts":2,"retryReasons":[],"status":"passed","title":"should detect connectivity issues in manually constructed scenarios"},{"ancestorTitles":["Performance and Stress Tests"],"duration":45,"failureDetails":[],"failureMessages":[],"fullName":"Performance and Stress Tests should handle large map connectivity analysis efficiently","invocations":1,"location":null,"numPassingAsserts":0,"retryReasons":[],"status":"passed","title":"should handle large map connectivity analysis efficiently"},{"ancestorTitles":["Regression Tests"],"duration":26,"failureDetails":[],"failureMessages":[],"fullName":"Regression Tests should maintain connectivity across multiple generations","invocations":1,"location":null,"numPassingAsserts":0,"retryReasons":[],"status":"passed","title":"should maintain connectivity across multiple generations"}],"endTime":1760294993297,"message":"","name":"/media/peter/4509da27-4751-4dee-b366-f3983d077725/peter/projects/explore/tests/connectivity.test.js","startTime":1760294992698,"status":"passed","summary":""},{"assertionResults":[{"ancestorTitles":["Simplified Tileset WFC Integration"],"duration":4,"failureDetails":[],"failureMessages":[],"fullName":"Simplified Tileset WFC Integration should load simplified tilesets","invocations":1,"location":null,"numPassingAsserts":5,"retryReasons":[],"status":"passed","title":"should load simplified tilesets"},{"ancestorTitles":["Simplified Tileset WFC Integration"],"duration":2,"failureDetails":[],"failureMessages":[],"fullName":"Simplified Tileset WFC Integration should convert simplified tileset to WFC format","invocations":1,"location":null,"numPassingAsserts":10,"retryReasons":[],"status":"passed","title":"should convert simplified tileset to WFC format"},{"ancestorTitles":["Simplified Tileset WFC Integration"],"duration":0,"failureDetails":[],"failureMessages":[],"fullName":"Simplified Tileset WFC Integration should validate tilesets correctly","invocations":1,"location":null,"numPassingAsserts":2,"retryReasons":[],"status":"passed","title":"should validate tilesets correctly"},{"ancestorTitles":["Simplified Tileset WFC Integration"],"duration":1,"failureDetails":[],"failureMessages":[],"fullName":"Simplified Tileset WFC Integration should handle invalid tileset gracefully","invocations":1,"location":null,"numPassingAsserts":2,"retryReasons":[],"status":"passed","title":"should handle invalid tileset gracefully"},{"ancestorTitles":["Simplified Tileset WFC Integration"],"duration":4,"failureDetails":[],"failureMessages":[],"fullName":"Simplified Tileset WFC Integration should work with existing tile structures","invocations":1,"location":null,"numPassingAsserts":83,"retryReasons":[],"status":"passed","title":"should work with existing tile structures"},{"ancestorTitles":["Simplified Tileset WFC Integration"],"duration":0,"failureDetails":[],"failureMessages":[],"fullName":"Simplified Tileset WFC Integration should create custom tileset","invocations":1,"location":null,"numPassingAsserts":6,"retryReasons":[],"status":"passed","title":"should create custom tileset"},{"ancestorTitles":["Simplified Tileset WFC Integration"],"duration":1,"failureDetails":[],"failureMessages":[],"fullName":"Simplified Tileset WFC Integration should expose functions to window in browser environment","invocations":1,"location":null,"numPassingAsserts":7,"retryReasons":[],"status":"passed","title":"should expose functions to window in browser environment"}],"endTime":1760294993302,"message":"","name":"/media/peter/4509da27-4751-4dee-b366-f3983d077725/peter/projects/explore/tests/simplified_tilesets_integration.test.js","startTime":1760294993235,"status":"passed","summary":""},{"assertionResults":[{"ancestorTitles":["tileset"],"duration":1,"failureDetails":[],"failureMessages":[],"fullName":"tileset initializes expected number of prototypes and registers each","invocations":1,"location":null,"numPassingAsserts":5,"retryReasons":[],"status":"passed","title":"initializes expected number of prototypes and registers each"},{"ancestorTitles":["tileset"],"duration":0,"failureDetails":[],"failureMessages":[],"fullName":"tileset idempotent initializeTileset does not duplicate","invocations":1,"location":null,"numPassingAsserts":3,"retryReasons":[],"status":"passed","title":"idempotent initializeTileset does not duplicate"},{"ancestorTitles":["tileset"],"duration":1,"failureDetails":[],"failureMessages":[],"fullName":"tileset solid cube prototype voxels all 1s","invocations":1,"location":null,"numPassingAsserts":1,"retryReasons":[],"status":"passed","title":"solid cube prototype voxels all 1s"},{"ancestorTitles":["tileset"],"duration":0,"failureDetails":[],"failureMessages":[],"fullName":"tileset at least one stair tile has a 2 in mid layer center","invocations":1,"location":null,"numPassingAsserts":2,"retryReasons":[],"status":"passed","title":"at least one stair tile has a 2 in mid layer center"},{"ancestorTitles":["tileset"],"duration":1,"failureDetails":[],"failureMessages":[],"fullName":"tileset at least one rotated corridor tile exposes all ry transforms","invocations":1,"location":null,"numPassingAsserts":2,"retryReasons":[],"status":"passed","title":"at least one rotated corridor tile exposes all ry transforms"},{"ancestorTitles":["tileset"],"duration":1,"failureDetails":[],"failureMessages":[],"fullName":"tileset directional stair prototypes exist with expected connectivity openings","invocations":1,"location":null,"numPassingAsserts":9,"retryReasons":[],"status":"passed","title":"directional stair prototypes exist with expected connectivity openings"},{"ancestorTitles":["tileset"],"duration":1,"failureDetails":[],"failureMessages":[],"fullName":"tileset rejects incorrect layer count","invocations":1,"location":null,"numPassingAsserts":1,"retryReasons":[],"status":"passed","title":"rejects incorrect layer count"},{"ancestorTitles":["tileset"],"duration":1,"failureDetails":[],"failureMessages":[],"fullName":"tileset rejects invalid voxel character","invocations":1,"location":null,"numPassingAsserts":1,"retryReasons":[],"status":"passed","title":"rejects invalid voxel character"}],"endTime":1760294993297,"message":"","name":"/media/peter/4509da27-4751-4dee-b366-f3983d077725/peter/projects/explore/tests/tileset.test.js","startTime":1760294993238,"status":"passed","summary":""},{"assertionResults":[{"ancestorTitles":[],"duration":7,"failureDetails":[],"failureMessages":[],"fullName":"generateWFCDungeon provides grid3D compatible with gridToAscii","invocations":1,"location":null,"numPassingAsserts":2,"retryReasons":[],"status":"passed","title":"generateWFCDungeon provides grid3D compatible with gridToAscii"}],"endTime":1760294993307,"message":"","name":"/media/peter/4509da27-4751-4dee-b366-f3983d077725/peter/projects/explore/tests/wfc_ascii_integration.test.js","startTime":1760294993233,"status":"passed","summary":""},{"assertionResults":[{"ancestorTitles":["End-to-End Structure Duplication Workflow"],"duration":6,"failureDetails":[],"failureMessages":[],"fullName":"End-to-End Structure Duplication Workflow complete duplicate and rename workflow should work","invocations":1,"location":null,"numPassingAsserts":12,"retryReasons":[],"status":"passed","title":"complete duplicate and rename workflow should work"}],"endTime":1760294993318,"message":"","name":"/media/peter/4509da27-4751-4dee-b366-f3983d077725/peter/projects/explore/tests/end_to_end_duplicate.test.js","startTime":1760294993266,"status":"passed","summary":""},{"assertionResults":[{"ancestorTitles":["Structure Duplication and Renaming Bug Fix"],"duration":4,"failureDetails":[],"failureMessages":[],"fullName":"Structure Duplication and Renaming Bug Fix DataMerger should handle rename operations for copied structures gracefully","invocations":1,"location":null,"numPassingAsserts":8,"retryReasons":[],"status":"passed","title":"DataMerger should handle rename operations for copied structures gracefully"},{"ancestorTitles":["Structure Duplication and Renaming Bug Fix"],"duration":0,"failureDetails":[],"failureMessages":[],"fullName":"Structure Duplication and Renaming Bug Fix DataMerger should handle attempting to delete non-existent user structures gracefully","invocations":1,"location":null,"numPassingAsserts":2,"retryReasons":[],"status":"passed","title":"DataMerger should handle attempting to delete non-existent user structures gracefully"},{"ancestorTitles":["Structure Duplication and Renaming Bug Fix"],"duration":1,"failureDetails":[],"failureMessages":[],"fullName":"Structure Duplication and Renaming Bug Fix DataMerger should prevent deletion of built-in structures","invocations":1,"location":null,"numPassingAsserts":3,"retryReasons":[],"status":"passed","title":"DataMerger should prevent deletion of built-in structures"}],"endTime":1760294993347,"message":"","name":"/media/peter/4509da27-4751-4dee-b366-f3983d077725/peter/projects/explore/tests/structure_duplicate_rename_bug.test.js","startTime":1760294993295,"status":"passed","summary":""},{"assertionResults":[{"ancestorTitles":["Manual Tile Connectivity Tests"],"duration":1,"failureDetails":[],"failureMessages":[],"fullName":"Manual Tile Connectivity Tests should detect connectivity in simple corridor layout","invocations":1,"location":null,"numPassingAsserts":3,"retryReasons":[],"status":"passed","title":"should detect connectivity in simple corridor layout"},{"ancestorTitles":["Manual Tile Connectivity Tests"],"duration":1,"failureDetails":[],"failureMessages":[],"fullName":"Manual Tile Connectivity Tests should detect isolated areas","invocations":1,"location":null,"numPassingAsserts":2,"retryReasons":[],"status":"passed","title":"should detect isolated areas"},{"ancestorTitles":["Manual Tile Connectivity Tests"],"duration":1,"failureDetails":[],"failureMessages":[],"fullName":"Manual Tile Connectivity Tests should handle cross intersection connections","invocations":1,"location":null,"numPassingAsserts":2,"retryReasons":[],"status":"passed","title":"should handle cross intersection connections"},{"ancestorTitles":["Manual Tile Connectivity Tests"],"duration":2,"failureDetails":[],"failureMessages":[],"fullName":"Manual Tile Connectivity Tests should validate our tileset has traversable tiles","invocations":1,"location":null,"numPassingAsserts":1,"retryReasons":[],"status":"passed","title":"should validate our tileset has traversable tiles"},{"ancestorTitles":["Manual Tile Connectivity Tests"],"duration":1,"failureDetails":[],"failureMessages":[],"fullName":"Manual Tile Connectivity Tests should provide meaningful connectivity reports","invocations":1,"location":null,"numPassingAsserts":4,"retryReasons":[],"status":"passed","title":"should provide meaningful connectivity reports"}],"endTime":1760294993353,"message":"","name":"/media/peter/4509da27-4751-4dee-b366-f3983d077725/peter/projects/explore/tests/simple_connectivity.test.js","startTime":1760294993295,"status":"passed","summary":""},{"assertionResults":[{"ancestorTitles":["stair solid floor"],"duration":2,"failureDetails":[],"failureMessages":[],"fullName":"stair solid floor stair prototypes have appropriate floor design for vertical connectivity","invocations":1,"location":null,"numPassingAsserts":11,"retryReasons":[],"status":"passed","title":"stair prototypes have appropriate floor design for vertical connectivity"}],"endTime":1760294993496,"message":"","name":"/media/peter/4509da27-4751-4dee-b366-f3983d077725/peter/projects/explore/tests/stair_solid_floor.test.js","startTime":1760294993416,"status":"passed","summary":""},{"assertionResults":[{"ancestorTitles":["Ceiling Visual Consistency Analysis"],"duration":7,"failureDetails":[],"failureMessages":[],"fullName":"Ceiling Visual Consistency Analysis should verify material caching works correctly","invocations":1,"location":null,"numPassingAsserts":1,"retryReasons":[],"status":"passed","title":"should verify material caching works correctly"},{"ancestorTitles":["Ceiling Visual Consistency Analysis"],"duration":4,"failureDetails":[],"failureMessages":[],"fullName":"Ceiling Visual Consistency Analysis should analyze ceiling mesh geometry consistency","invocations":1,"location":null,"numPassingAsserts":1,"retryReasons":[],"status":"passed","title":"should analyze ceiling mesh geometry consistency"},{"ancestorTitles":["Ceiling Visual Consistency Analysis"],"duration":22,"failureDetails":[],"failureMessages":[],"fullName":"Ceiling Visual Consistency Analysis should test real-world WFC generation scenario","invocations":1,"location":null,"numPassingAsserts":1,"retryReasons":[],"status":"passed","title":"should test real-world WFC generation scenario"}],"endTime":1760294993501,"message":"","name":"/media/peter/4509da27-4751-4dee-b366-f3983d077725/peter/projects/explore/tests/ceiling_consistency_analysis.test.js","startTime":1760294993419,"status":"passed","summary":""},{"assertionResults":[{"ancestorTitles":["Center-seeded WFC generation"],"duration":135,"failureDetails":[],"failureMessages":[],"fullName":"Center-seeded WFC generation generates with center seed enabled by default","invocations":1,"location":null,"numPassingAsserts":4,"retryReasons":[],"status":"passed","title":"generates with center seed enabled by default"},{"ancestorTitles":["Center-seeded WFC generation"],"duration":30,"failureDetails":[],"failureMessages":[],"fullName":"Center-seeded WFC generation can disable center seeding","invocations":1,"location":null,"numPassingAsserts":3,"retryReasons":[],"status":"passed","title":"can disable center seeding"},{"ancestorTitles":["Center-seeded WFC generation"],"duration":68,"failureDetails":[],"failureMessages":[],"fullName":"Center-seeded WFC generation center seeding works with odd and even dimensions","invocations":1,"location":null,"numPassingAsserts":6,"retryReasons":[],"status":"passed","title":"center seeding works with odd and even dimensions"},{"ancestorTitles":["Center-seeded WFC generation"],"duration":164,"failureDetails":[],"failureMessages":[],"fullName":"Center-seeded WFC generation center seeding encourages cross intersection placement","invocations":1,"location":null,"numPassingAsserts":1,"retryReasons":[],"status":"passed","title":"center seeding encourages cross intersection placement"}],"endTime":1760294993499,"message":"","name":"/media/peter/4509da27-4751-4dee-b366-f3983d077725/peter/projects/explore/tests/center_seed.test.js","startTime":1760294992837,"status":"passed","summary":""},{"assertionResults":[{"ancestorTitles":["renderer"],"duration":9,"failureDetails":[],"failureMessages":[],"fullName":"renderer throws if THREE missing","invocations":1,"location":null,"numPassingAsserts":1,"retryReasons":[],"status":"passed","title":"throws if THREE missing"},{"ancestorTitles":["renderer"],"duration":2,"failureDetails":[],"failureMessages":[],"fullName":"renderer throws if OrbitControls missing","invocations":1,"location":null,"numPassingAsserts":1,"retryReasons":[],"status":"passed","title":"throws if OrbitControls missing"},{"ancestorTitles":["renderer"],"duration":7,"failureDetails":[],"failureMessages":[],"fullName":"renderer creates renderer with mandatory OrbitControls","invocations":1,"location":null,"numPassingAsserts":1,"retryReasons":[],"status":"passed","title":"creates renderer with mandatory OrbitControls"}],"endTime":1760294993515,"message":"","name":"/media/peter/4509da27-4751-4dee-b366-f3983d077725/peter/projects/explore/tests/renderer.test.js","startTime":1760294993427,"status":"passed","summary":""},{"assertionResults":[{"ancestorTitles":["WFC Generation Completion"],"duration":48,"failureDetails":[],"failureMessages":[],"fullName":"WFC Generation Completion 3x3x3 generation completes successfully within reasonable time","invocations":1,"location":null,"numPassingAsserts":13,"retryReasons":[],"status":"passed","title":"3x3x3 generation completes successfully within reasonable time"},{"ancestorTitles":["WFC Generation Completion"],"duration":52,"failureDetails":[],"failureMessages":[],"fullName":"WFC Generation Completion 4x3x4 generation completes successfully","invocations":1,"location":null,"numPassingAsserts":4,"retryReasons":[],"status":"passed","title":"4x3x4 generation completes successfully"},{"ancestorTitles":["WFC Generation Completion"],"duration":239,"failureDetails":[],"failureMessages":[],"fullName":"WFC Generation Completion generation with abort signal works","invocations":1,"location":null,"numPassingAsserts":1,"retryReasons":[],"status":"passed","title":"generation with abort signal works"}],"endTime":1760294993506,"message":"","name":"/media/peter/4509da27-4751-4dee-b366-f3983d077725/peter/projects/explore/tests/wfc_generation_completion.test.js","startTime":1760294992902,"status":"passed","summary":""},{"assertionResults":[{"ancestorTitles":["Tileset Persistence Data Layer"],"duration":7,"failureDetails":[],"failureMessages":[],"fullName":"Tileset Persistence Data Layer should save and retrieve user tilesets via DataMerger","invocations":1,"location":null,"numPassingAsserts":11,"retryReasons":[],"status":"passed","title":"should save and retrieve user tilesets via DataMerger"},{"ancestorTitles":["Tileset Persistence Data Layer"],"duration":2,"failureDetails":[],"failureMessages":[],"fullName":"Tileset Persistence Data Layer should handle work in progress localStorage operations","invocations":1,"location":null,"numPassingAsserts":5,"retryReasons":[],"status":"passed","title":"should handle work in progress localStorage operations"},{"ancestorTitles":["Tileset Persistence Data Layer"],"duration":1,"failureDetails":[],"failureMessages":[],"fullName":"Tileset Persistence Data Layer should properly merge default and user tilesets","invocations":1,"location":null,"numPassingAsserts":4,"retryReasons":[],"status":"passed","title":"should properly merge default and user tilesets"}],"endTime":1760294993509,"message":"","name":"/media/peter/4509da27-4751-4dee-b366-f3983d077725/peter/projects/explore/tests/tileset_persistence_data.test.js","startTime":1760294993448,"status":"passed","summary":""},{"assertionResults":[{"ancestorTitles":["wfc integration with tileset"],"duration":15,"failureDetails":[],"failureMessages":[],"fullName":"wfc integration with tileset collapses 2x2x2 domain successfully","invocations":1,"location":null,"numPassingAsserts":2,"retryReasons":[],"status":"passed","title":"collapses 2x2x2 domain successfully"}],"endTime":1760294993521,"message":"","name":"/media/peter/4509da27-4751-4dee-b366-f3983d077725/peter/projects/explore/tests/wfc_integration.test.js","startTime":1760294993447,"status":"passed","summary":""},{"assertionResults":[{"ancestorTitles":["Stair Edge Pattern Analysis"],"duration":2,"failureDetails":[],"failureMessages":[],"fullName":"Stair Edge Pattern Analysis should identify all stair tiles","invocations":1,"location":null,"numPassingAsserts":1,"retryReasons":[],"status":"passed","title":"should identify all stair tiles"},{"ancestorTitles":["Stair Edge Pattern Analysis"],"duration":4,"failureDetails":[],"failureMessages":[],"fullName":"Stair Edge Pattern Analysis should analyze stair edge patterns","invocations":1,"location":null,"numPassingAsserts":0,"retryReasons":[],"status":"passed","title":"should analyze stair edge patterns"},{"ancestorTitles":["Stair Edge Pattern Analysis"],"duration":18,"failureDetails":[],"failureMessages":[],"fullName":"Stair Edge Pattern Analysis should find non-stair tiles that stairs could connect to","invocations":1,"location":null,"numPassingAsserts":0,"retryReasons":[],"status":"passed","title":"should find non-stair tiles that stairs could connect to"},{"ancestorTitles":["Stair Edge Pattern Analysis"],"duration":4,"failureDetails":[],"failureMessages":[],"fullName":"Stair Edge Pattern Analysis should check stair compatibility with corridors","invocations":1,"location":null,"numPassingAsserts":1,"retryReasons":[],"status":"passed","title":"should check stair compatibility with corridors"}],"endTime":1760294993534,"message":"","name":"/media/peter/4509da27-4751-4dee-b366-f3983d077725/peter/projects/explore/tests/stair_edge_analysis.test.js","startTime":1760294993431,"status":"passed","summary":""},{"assertionResults":[{"ancestorTitles":["stair rule openness"],"duration":3,"failureDetails":[],"failureMessages":[],"fullName":"stair rule openness each stair prototype has open forward and backward neighbor possibilities filtered by face openness heuristic","invocations":1,"location":null,"numPassingAsserts":5,"retryReasons":[],"status":"passed","title":"each stair prototype has open forward and backward neighbor possibilities filtered by face openness heuristic"}],"endTime":1760294993520,"message":"","name":"/media/peter/4509da27-4751-4dee-b366-f3983d077725/peter/projects/explore/tests/stair_rule_openness.test.js","startTime":1760294993446,"status":"passed","summary":""},{"assertionResults":[{"ancestorTitles":["Tileset Live Preview Fix"],"duration":6,"failureDetails":[],"failureMessages":[],"fullName":"Tileset Live Preview Fix should generate correct preview tileset based on selectedStructures","invocations":1,"location":null,"numPassingAsserts":8,"retryReasons":[],"status":"passed","title":"should generate correct preview tileset based on selectedStructures"},{"ancestorTitles":["Tileset Live Preview Fix"],"duration":2,"failureDetails":[],"failureMessages":[],"fullName":"Tileset Live Preview Fix should track modification state correctly","invocations":1,"location":null,"numPassingAsserts":2,"retryReasons":[],"status":"passed","title":"should track modification state correctly"}],"endTime":1760294993524,"message":"","name":"/media/peter/4509da27-4751-4dee-b366-f3983d077725/peter/projects/explore/tests/live_preview_fix.test.js","startTime":1760294993444,"status":"passed","summary":""},{"assertionResults":[{"ancestorTitles":["dungeon generator"],"duration":1,"failureDetails":[],"failureMessages":[],"fullName":"dungeon generator generates without container safely","invocations":1,"location":null,"numPassingAsserts":1,"retryReasons":[],"status":"passed","title":"generates without container safely"},{"ancestorTitles":["dungeon generator"],"duration":21,"failureDetails":[],"failureMessages":[],"fullName":"dungeon generator renders when container present","invocations":1,"location":null,"numPassingAsserts":1,"retryReasons":[],"status":"passed","title":"renders when container present"}],"endTime":1760294993524,"message":"","name":"/media/peter/4509da27-4751-4dee-b366-f3983d077725/peter/projects/explore/tests/dungeon.test.js","startTime":1760294993432,"status":"passed","summary":""},{"assertionResults":[{"ancestorTitles":["WFC logging control"],"duration":2,"failureDetails":[],"failureMessages":[],"fullName":"WFC logging control no warnings by default","invocations":1,"location":null,"numPassingAsserts":1,"retryReasons":[],"status":"passed","title":"no warnings by default"},{"ancestorTitles":["WFC logging control"],"duration":0,"failureDetails":[],"failureMessages":[],"fullName":"WFC logging control warnings appear when logging enabled","invocations":1,"location":null,"numPassingAsserts":1,"retryReasons":[],"status":"passed","title":"warnings appear when logging enabled"}],"endTime":1760294993597,"message":"","name":"/media/peter/4509da27-4751-4dee-b366-f3983d077725/peter/projects/explore/tests/wfc_logging.test.js","startTime":1760294993542,"status":"passed","summary":""},{"assertionResults":[{"ancestorTitles":["Structure Visibility in Library"],"duration":5,"failureDetails":[],"failureMessages":[],"fullName":"Structure Visibility in Library duplicated structures should appear in library view","invocations":1,"location":null,"numPassingAsserts":7,"retryReasons":[],"status":"passed","title":"duplicated structures should appear in library view"},{"ancestorTitles":["Structure Visibility in Library"],"duration":1,"failureDetails":[],"failureMessages":[],"fullName":"Structure Visibility in Library getAllStructures helper method returns merged data","invocations":1,"location":null,"numPassingAsserts":3,"retryReasons":[],"status":"passed","title":"getAllStructures helper method returns merged data"}],"endTime":1760294993540,"message":"","name":"/media/peter/4509da27-4751-4dee-b366-f3983d077725/peter/projects/explore/tests/structure_visibility.test.js","startTime":1760294993458,"status":"passed","summary":""},{"assertionResults":[{"ancestorTitles":["3D connectivity with increased stair weights"],"duration":2,"failureDetails":[],"failureMessages":[],"fullName":"3D connectivity with increased stair weights stair tiles have increased weights","invocations":1,"location":null,"numPassingAsserts":3,"retryReasons":[],"status":"passed","title":"stair tiles have increased weights"},{"ancestorTitles":["3D connectivity with increased stair weights"],"duration":1,"failureDetails":[],"failureMessages":[],"fullName":"3D connectivity with increased stair weights stair probability is significantly increased","invocations":1,"location":null,"numPassingAsserts":1,"retryReasons":[],"status":"passed","title":"stair probability is significantly increased"},{"ancestorTitles":["3D connectivity with increased stair weights"],"duration":0,"failureDetails":[],"failureMessages":[],"fullName":"3D connectivity with increased stair weights weight change represents 20x increase in stair likelihood","invocations":1,"location":null,"numPassingAsserts":1,"retryReasons":[],"status":"passed","title":"weight change represents 20x increase in stair likelihood"}],"endTime":1760294993541,"message":"","name":"/media/peter/4509da27-4751-4dee-b366-f3983d077725/peter/projects/explore/tests/stair_weights.test.js","startTime":1760294993434,"status":"passed","summary":""},{"assertionResults":[{"ancestorTitles":["Bootstrap and Persistence"],"duration":5,"failureDetails":[],"failureMessages":[],"fullName":"Bootstrap and Persistence DataMerger can be imported and initialized","invocations":1,"location":null,"numPassingAsserts":6,"retryReasons":[],"status":"passed","title":"DataMerger can be imported and initialized"},{"ancestorTitles":["Bootstrap and Persistence"],"duration":1,"failureDetails":[],"failureMessages":[],"fullName":"Bootstrap and Persistence StorageManager handles localStorage operations","invocations":1,"location":null,"numPassingAsserts":6,"retryReasons":[],"status":"passed","title":"StorageManager handles localStorage operations"},{"ancestorTitles":["Bootstrap and Persistence"],"duration":1,"failureDetails":[],"failureMessages":[],"fullName":"Bootstrap and Persistence Default structures are available","invocations":1,"location":null,"numPassingAsserts":6,"retryReasons":[],"status":"passed","title":"Default structures are available"},{"ancestorTitles":["Bootstrap and Persistence"],"duration":6,"failureDetails":[],"failureMessages":[],"fullName":"Bootstrap and Persistence Persistence system integrates with existing TileStructures","invocations":1,"location":null,"numPassingAsserts":40,"retryReasons":[],"status":"passed","title":"Persistence system integrates with existing TileStructures"}],"endTime":1760294993561,"message":"","name":"/media/peter/4509da27-4751-4dee-b366-f3983d077725/peter/projects/explore/tests/bootstrap.test.js","startTime":1760294993448,"status":"passed","summary":""},{"assertionResults":[{"ancestorTitles":["Coordinate System Debug"],"duration":3,"failureDetails":[],"failureMessages":[],"fullName":"Coordinate System Debug should understand actual voxel data structure from tileset builder","invocations":1,"location":null,"numPassingAsserts":5,"retryReasons":[],"status":"passed","title":"should understand actual voxel data structure from tileset builder"},{"ancestorTitles":["Coordinate System Debug"],"duration":5,"failureDetails":[],"failureMessages":[],"fullName":"Coordinate System Debug should test mesh positioning with known voxel structure","invocations":1,"location":null,"numPassingAsserts":4,"retryReasons":[],"status":"passed","title":"should test mesh positioning with known voxel structure"},{"ancestorTitles":["Coordinate System Debug"],"duration":10,"failureDetails":[],"failureMessages":[],"fullName":"Coordinate System Debug should verify Three.js coordinate conventions","invocations":1,"location":null,"numPassingAsserts":0,"retryReasons":[],"status":"passed","title":"should verify Three.js coordinate conventions"}],"endTime":1760294993572,"message":"","name":"/media/peter/4509da27-4751-4dee-b366-f3983d077725/peter/projects/explore/tests/coordinate_debug.test.js","startTime":1760294993469,"status":"passed","summary":""},{"assertionResults":[{"ancestorTitles":["generateWFCDungeon adapter (single incremental path)"],"duration":4,"failureDetails":[],"failureMessages":[],"fullName":"generateWFCDungeon adapter (single incremental path) works with expand/step API","invocations":1,"location":null,"numPassingAsserts":1,"retryReasons":[],"status":"passed","title":"works with expand/step API"},{"ancestorTitles":["generateWFCDungeon adapter (single incremental path)"],"duration":2,"failureDetails":[],"failureMessages":[],"fullName":"generateWFCDungeon adapter (single incremental path) throws when NDWFC3D lacks expand/step","invocations":1,"location":null,"numPassingAsserts":1,"retryReasons":[],"status":"passed","title":"throws when NDWFC3D lacks expand/step"}],"endTime":1760294993568,"message":"","name":"/media/peter/4509da27-4751-4dee-b366-f3983d077725/peter/projects/explore/tests/wfc_generate_adapter.test.js","startTime":1760294993487,"status":"passed","summary":""},{"assertionResults":[{"ancestorTitles":["Tileset Builder Update Bug Fix"],"duration":6,"failureDetails":[],"failureMessages":[],"fullName":"Tileset Builder Update Bug Fix tile selector should show newly duplicated structures","invocations":1,"location":null,"numPassingAsserts":5,"retryReasons":[],"status":"passed","title":"tile selector should show newly duplicated structures"},{"ancestorTitles":["Tileset Builder Update Bug Fix"],"duration":1,"failureDetails":[],"failureMessages":[],"fullName":"Tileset Builder Update Bug Fix quickAddToTileset should work with newly created structures","invocations":1,"location":null,"numPassingAsserts":4,"retryReasons":[],"status":"passed","title":"quickAddToTileset should work with newly created structures"}],"endTime":1760294993574,"message":"","name":"/media/peter/4509da27-4751-4dee-b366-f3983d077725/peter/projects/explore/tests/tileset_builder_update.test.js","startTime":1760294993491,"status":"passed","summary":""},{"assertionResults":[{"ancestorTitles":["StructurePreviewUtil"],"duration":1,"failureDetails":[],"failureMessages":[],"fullName":"StructurePreviewUtil derives middle layer rows from canonical numeric structure","invocations":1,"location":null,"numPassingAsserts":1,"retryReasons":[],"status":"passed","title":"derives middle layer rows from canonical numeric structure"},{"ancestorTitles":["StructurePreviewUtil"],"duration":0,"failureDetails":[],"failureMessages":[],"fullName":"StructurePreviewUtil renderMini returns expected html markers","invocations":1,"location":null,"numPassingAsserts":2,"retryReasons":[],"status":"passed","title":"renderMini returns expected html markers"}],"endTime":1760294993583,"message":"","name":"/media/peter/4509da27-4751-4dee-b366-f3983d077725/peter/projects/explore/tests/structure_preview_util.test.js","startTime":1760294993532,"status":"passed","summary":""},{"assertionResults":[{"ancestorTitles":["Simplified stair system"],"duration":8,"failureDetails":[],"failureMessages":[],"fullName":"Simplified stair system stair tiles are detected by voxel pattern","invocations":1,"location":null,"numPassingAsserts":9,"retryReasons":[],"status":"passed","title":"stair tiles are detected by voxel pattern"},{"ancestorTitles":["Simplified stair system"],"duration":0,"failureDetails":[],"failureMessages":[],"fullName":"Simplified stair system simplified canStack allows flexible stair connections","invocations":1,"location":null,"numPassingAsserts":6,"retryReasons":[],"status":"passed","title":"simplified canStack allows flexible stair connections"}],"endTime":1760294993591,"message":"","name":"/media/peter/4509da27-4751-4dee-b366-f3983d077725/peter/projects/explore/tests/stair_clearance.test.js","startTime":1760294993505,"status":"passed","summary":""},{"assertionResults":[{"ancestorTitles":["stair clear volume heuristic"],"duration":3,"failureDetails":[],"failureMessages":[],"fullName":"stair clear volume heuristic stair prototypes are properly configured for WFC generation","invocations":1,"location":null,"numPassingAsserts":20,"retryReasons":[],"status":"passed","title":"stair prototypes are properly configured for WFC generation"}],"endTime":1760294993615,"message":"","name":"/media/peter/4509da27-4751-4dee-b366-f3983d077725/peter/projects/explore/tests/stair_clear_volume.test.js","startTime":1760294993537,"status":"passed","summary":""},{"assertionResults":[{"ancestorTitles":["Debug Widget Loading"],"duration":2,"failureDetails":[],"failureMessages":[],"fullName":"Debug Widget Loading should check getWidget() return value","invocations":1,"location":null,"numPassingAsserts":0,"retryReasons":[],"status":"passed","title":"should check getWidget() return value"},{"ancestorTitles":["Debug Widget Loading"],"duration":1,"failureDetails":[],"failureMessages":[],"fullName":"Debug Widget Loading should debug actual widget import","invocations":1,"location":null,"numPassingAsserts":0,"retryReasons":[],"status":"passed","title":"should debug actual widget import"}],"endTime":1760294993616,"message":"","name":"/media/peter/4509da27-4751-4dee-b366-f3983d077725/peter/projects/explore/tests/debug-widget.test.js","startTime":1760294993540,"status":"passed","summary":""},{"assertionResults":[{"ancestorTitles":["Structure preview correctness"],"duration":3,"failureDetails":[],"failureMessages":[],"fullName":"Structure preview correctness corridor_ns mid layer differs from multi_level_open_up and matches expected pattern","invocations":1,"location":null,"numPassingAsserts":3,"retryReasons":[],"status":"passed","title":"corridor_ns mid layer differs from multi_level_open_up and matches expected pattern"}],"endTime":1760294993621,"message":"","name":"/media/peter/4509da27-4751-4dee-b366-f3983d077725/peter/projects/explore/tests/structure_preview_mismatch.test.js","startTime":1760294993551,"status":"passed","summary":""},{"assertionResults":[{"ancestorTitles":["mesh_factories"],"duration":1,"failureDetails":[],"failureMessages":[],"fullName":"mesh_factories isAllSolid detects solid","invocations":1,"location":null,"numPassingAsserts":2,"retryReasons":[],"status":"passed","title":"isAllSolid detects solid"},{"ancestorTitles":["mesh_factories"],"duration":1,"failureDetails":[],"failureMessages":[],"fullName":"mesh_factories geometry factory caches and returns shapes","invocations":1,"location":null,"numPassingAsserts":2,"retryReasons":[],"status":"passed","title":"geometry factory caches and returns shapes"},{"ancestorTitles":["mesh_factories"],"duration":0,"failureDetails":[],"failureMessages":[],"fullName":"mesh_factories material factory caches","invocations":1,"location":null,"numPassingAsserts":1,"retryReasons":[],"status":"passed","title":"material factory caches"},{"ancestorTitles":["mesh_factories"],"duration":1,"failureDetails":[],"failureMessages":[],"fullName":"mesh_factories buildStairs adds 3 steps","invocations":1,"location":null,"numPassingAsserts":1,"retryReasons":[],"status":"passed","title":"buildStairs adds 3 steps"}],"endTime":1760294993626,"message":"","name":"/media/peter/4509da27-4751-4dee-b366-f3983d077725/peter/projects/explore/tests/mesh_factories.test.js","startTime":1760294993549,"status":"passed","summary":""},{"assertionResults":[{"ancestorTitles":["Mini preview mid-layer derivation"],"duration":3,"failureDetails":[],"failureMessages":[],"fullName":"Mini preview mid-layer derivation corridor_ns mid layer is 111 / 000 / 111","invocations":1,"location":null,"numPassingAsserts":1,"retryReasons":[],"status":"passed","title":"corridor_ns mid layer is 111 / 000 / 111"},{"ancestorTitles":["Mini preview mid-layer derivation"],"duration":0,"failureDetails":[],"failureMessages":[],"fullName":"Mini preview mid-layer derivation corridor_nsew mid layer has corner pillars 101 / 000 / 101","invocations":1,"location":null,"numPassingAsserts":1,"retryReasons":[],"status":"passed","title":"corridor_nsew mid layer has corner pillars 101 / 000 / 101"}],"endTime":1760294993632,"message":"","name":"/media/peter/4509da27-4751-4dee-b366-f3983d077725/peter/projects/explore/tests/structure_mini_preview.test.js","startTime":1760294993574,"status":"passed","summary":""},{"assertionResults":[{"ancestorTitles":["tilesetManifest()"],"duration":8,"failureDetails":[],"failureMessages":[],"fullName":"tilesetManifest() returns array with expected fields and matches prototype count","invocations":1,"location":null,"numPassingAsserts":40,"retryReasons":[],"status":"passed","title":"returns array with expected fields and matches prototype count"}],"endTime":1760294993643,"message":"","name":"/media/peter/4509da27-4751-4dee-b366-f3983d077725/peter/projects/explore/tests/tileset_manifest.test.js","startTime":1760294993574,"status":"passed","summary":""},{"assertionResults":[{"ancestorTitles":["Stair vertical-only constraint (Strategy A)"],"duration":1,"failureDetails":[],"failureMessages":[],"fullName":"Stair vertical-only constraint (Strategy A) no stair tile appears without its counterpart directly stacked","invocations":1,"location":null,"numPassingAsserts":0,"retryReasons":[],"status":"passed","title":"no stair tile appears without its counterpart directly stacked"}],"endTime":1760294993662,"message":"","name":"/media/peter/4509da27-4751-4dee-b366-f3983d077725/peter/projects/explore/tests/stair_vertical_constraint.test.js","startTime":1760294993607,"status":"passed","summary":""},{"assertionResults":[{"ancestorTitles":["WFC Minimal Test"],"duration":12,"failureDetails":[],"failureMessages":[],"fullName":"WFC Minimal Test should analyze rule generation problems","invocations":1,"location":null,"numPassingAsserts":0,"retryReasons":[],"status":"passed","title":"should analyze rule generation problems"}],"endTime":1760294993675,"message":"","name":"/media/peter/4509da27-4751-4dee-b366-f3983d077725/peter/projects/explore/tests/wfc_minimal_test.test.js","startTime":1760294993588,"status":"passed","summary":""},{"assertionResults":[{"ancestorTitles":["Visual Coordinate System Test"],"duration":7,"failureDetails":[],"failureMessages":[],"fullName":"Visual Coordinate System Test should verify simple corridor tile renders correctly","invocations":1,"location":null,"numPassingAsserts":10,"retryReasons":[],"status":"passed","title":"should verify simple corridor tile renders correctly"},{"ancestorTitles":["Visual Coordinate System Test"],"duration":13,"failureDetails":[],"failureMessages":[],"fullName":"Visual Coordinate System Test should test WFC tile mesh generation","invocations":1,"location":null,"numPassingAsserts":5,"retryReasons":[],"status":"passed","title":"should test WFC tile mesh generation"},{"ancestorTitles":["Visual Coordinate System Test"],"duration":2,"failureDetails":[],"failureMessages":[],"fullName":"Visual Coordinate System Test should verify tile rotations work correctly","invocations":1,"location":null,"numPassingAsserts":2,"retryReasons":[],"status":"passed","title":"should verify tile rotations work correctly"}],"endTime":1760294993681,"message":"","name":"/media/peter/4509da27-4751-4dee-b366-f3983d077725/peter/projects/explore/tests/visual_coordinate_test.test.js","startTime":1760294993577,"status":"passed","summary":""},{"assertionResults":[{"ancestorTitles":["empty top / bottom layer voxelization"],"duration":2,"failureDetails":[],"failureMessages":[],"fullName":"empty top / bottom layer voxelization produces appropriate mesh elements for solid bottom layer","invocations":1,"location":null,"numPassingAsserts":3,"retryReasons":[],"status":"passed","title":"produces appropriate mesh elements for solid bottom layer"}],"endTime":1760294993688,"message":"","name":"/media/peter/4509da27-4751-4dee-b366-f3983d077725/peter/projects/explore/tests/empty_layer_mesh.test.js","startTime":1760294993620,"status":"passed","summary":""},{"assertionResults":[{"ancestorTitles":["Tileset conversion respects centralized voxel semantics"],"duration":2,"failureDetails":[],"failureMessages":[],"fullName":"Tileset conversion respects centralized voxel semantics corridor_ns conversion yields walls north/south and open middle row","invocations":1,"location":null,"numPassingAsserts":5,"retryReasons":[],"status":"passed","title":"corridor_ns conversion yields walls north/south and open middle row"}],"endTime":1760294993693,"message":"","name":"/media/peter/4509da27-4751-4dee-b366-f3983d077725/peter/projects/explore/tests/tileset_conversion_semantics.test.js","startTime":1760294993625,"status":"passed","summary":""},{"assertionResults":[{"ancestorTitles":["stair no horizontal adjacency"],"duration":2,"failureDetails":[],"failureMessages":[],"fullName":"stair no horizontal adjacency no lateral rule pairs where both prototypes are stairs","invocations":1,"location":null,"numPassingAsserts":1,"retryReasons":[],"status":"passed","title":"no lateral rule pairs where both prototypes are stairs"}],"endTime":1760294993695,"message":"","name":"/media/peter/4509da27-4751-4dee-b366-f3983d077725/peter/projects/explore/tests/stair_no_horizontal_adjacency.test.js","startTime":1760294993634,"status":"passed","summary":""},{"assertionResults":[{"ancestorTitles":["tileset ordering stability"],"duration":1,"failureDetails":[],"failureMessages":[],"fullName":"tileset ordering stability manifest hash remains stable for canonical TILE_DEFS","invocations":1,"location":null,"numPassingAsserts":2,"retryReasons":[],"status":"passed","title":"manifest hash remains stable for canonical TILE_DEFS"}],"endTime":1760294993698,"message":"","name":"/media/peter/4509da27-4751-4dee-b366-f3983d077725/peter/projects/explore/tests/tileset_ordering.test.js","startTime":1760294993644,"status":"passed","summary":""},{"assertionResults":[{"ancestorTitles":["Browser Integration - Structure Duplication Fix"],"duration":6,"failureDetails":[],"failureMessages":[],"fullName":"Browser Integration - Structure Duplication Fix should initialize persistence system correctly","invocations":1,"location":null,"numPassingAsserts":10,"retryReasons":[],"status":"passed","title":"should initialize persistence system correctly"},{"ancestorTitles":["Browser Integration - Structure Duplication Fix"],"duration":1,"failureDetails":[],"failureMessages":[],"fullName":"Browser Integration - Structure Duplication Fix should handle structure lookup consistently","invocations":1,"location":null,"numPassingAsserts":5,"retryReasons":[],"status":"passed","title":"should handle structure lookup consistently"}],"endTime":1760294993697,"message":"","name":"/media/peter/4509da27-4751-4dee-b366-f3983d077725/peter/projects/explore/tests/browser_integration.test.js","startTime":1760294993634,"status":"passed","summary":""},{"assertionResults":[{"ancestorTitles":["Coordinate System Fix Verification"],"duration":8,"failureDetails":[],"failureMessages":[],"fullName":"Coordinate System Fix Verification should correctly map tileset coordinates to Three.js mesh positions","invocations":1,"location":null,"numPassingAsserts":7,"retryReasons":[],"status":"passed","title":"should correctly map tileset coordinates to Three.js mesh positions"},{"ancestorTitles":["Coordinate System Fix Verification"],"duration":2,"failureDetails":[],"failureMessages":[],"fullName":"Coordinate System Fix Verification should handle standard 3×3×3 dungeon corridor correctly","invocations":1,"location":null,"numPassingAsserts":6,"retryReasons":[],"status":"passed","title":"should handle standard 3×3×3 dungeon corridor correctly"},{"ancestorTitles":["Coordinate System Fix Verification"],"duration":1,"failureDetails":[],"failureMessages":[],"fullName":"Coordinate System Fix Verification should verify rotation functions use correct coordinate system","invocations":1,"location":null,"numPassingAsserts":8,"retryReasons":[],"status":"passed","title":"should verify rotation functions use correct coordinate system"}],"endTime":1760294993701,"message":"","name":"/media/peter/4509da27-4751-4dee-b366-f3983d077725/peter/projects/explore/tests/coordinate_system_fix.test.js","startTime":1760294993623,"status":"passed","summary":""},{"assertionResults":[{"ancestorTitles":["Voxel semantics single source of truth"],"duration":1,"failureDetails":[],"failureMessages":[],"fullName":"Voxel semantics single source of truth VOXEL constants match documented meanings","invocations":1,"location":null,"numPassingAsserts":6,"retryReasons":[],"status":"passed","title":"VOXEL constants match documented meanings"},{"ancestorTitles":["Voxel semantics single source of truth"],"duration":1,"failureDetails":[],"failureMessages":[],"fullName":"Voxel semantics single source of truth Corridor pattern (east-west) has open center row with walls north/south","invocations":1,"location":null,"numPassingAsserts":3,"retryReasons":[],"status":"passed","title":"Corridor pattern (east-west) has open center row with walls north/south"}],"endTime":1760294993704,"message":"","name":"/media/peter/4509da27-4751-4dee-b366-f3983d077725/peter/projects/explore/tests/voxel_semantics.test.js","startTime":1760294993648,"status":"passed","summary":""},{"assertionResults":[{"ancestorTitles":["Center seeding reduces clumping"],"duration":499,"failureDetails":[],"failureMessages":[],"fullName":"Center seeding reduces clumping center seeding creates more balanced distribution than no seeding","invocations":1,"location":null,"numPassingAsserts":3,"retryReasons":[],"status":"passed","title":"center seeding creates more balanced distribution than no seeding"},{"ancestorTitles":["Center seeding reduces clumping"],"duration":282,"failureDetails":[],"failureMessages":[],"fullName":"Center seeding reduces clumping center seeding works with different grid sizes","invocations":1,"location":null,"numPassingAsserts":6,"retryReasons":[],"status":"passed","title":"center seeding works with different grid sizes"}],"endTime":1760294993709,"message":"","name":"/media/peter/4509da27-4751-4dee-b366-f3983d077725/peter/projects/explore/tests/clumping_reduction.test.js","startTime":1760294992699,"status":"passed","summary":""},{"assertionResults":[{"ancestorTitles":["Structure Editor Functionality"],"duration":9,"failureDetails":[],"failureMessages":[],"fullName":"Structure Editor Functionality should create valid voxel data structure","invocations":1,"location":null,"numPassingAsserts":55,"retryReasons":[],"status":"passed","title":"should create valid voxel data structure"},{"ancestorTitles":["Structure Editor Functionality"],"duration":0,"failureDetails":[],"failureMessages":[],"fullName":"Structure Editor Functionality should render enhanced voxel preview with 3 layers","invocations":1,"location":null,"numPassingAsserts":6,"retryReasons":[],"status":"passed","title":"should render enhanced voxel preview with 3 layers"},{"ancestorTitles":["Structure Editor Functionality"],"duration":1,"failureDetails":[],"failureMessages":[],"fullName":"Structure Editor Functionality should validate structure editor actions","invocations":1,"location":null,"numPassingAsserts":5,"retryReasons":[],"status":"passed","title":"should validate structure editor actions"},{"ancestorTitles":["Structure Editor Functionality"],"duration":1,"failureDetails":[],"failureMessages":[],"fullName":"Structure Editor Functionality should integrate with existing TileStructures system","invocations":1,"location":null,"numPassingAsserts":11,"retryReasons":[],"status":"passed","title":"should integrate with existing TileStructures system"}],"endTime":1760294993723,"message":"","name":"/media/peter/4509da27-4751-4dee-b366-f3983d077725/peter/projects/explore/tests/structure_editor.test.js","startTime":1760294993642,"status":"passed","summary":""},{"assertionResults":[{"ancestorTitles":["ui"],"duration":8,"failureDetails":[],"failureMessages":[],"fullName":"ui throws if panel missing","invocations":1,"location":null,"numPassingAsserts":1,"retryReasons":[],"status":"passed","title":"throws if panel missing"},{"ancestorTitles":["ui"],"duration":37,"failureDetails":[],"failureMessages":[],"fullName":"ui initializes and logs actions","invocations":1,"location":null,"numPassingAsserts":2,"retryReasons":[],"status":"passed","title":"initializes and logs actions"},{"ancestorTitles":["ui"],"duration":1295,"failureDetails":[],"failureMessages":[],"fullName":"ui tileset editor tab switches correctly and shows real editor content","invocations":1,"location":null,"numPassingAsserts":23,"retryReasons":[],"status":"passed","title":"tileset editor tab switches correctly and shows real editor content"},{"ancestorTitles":["ui"],"duration":1210,"failureDetails":[],"failureMessages":[],"fullName":"ui tileset editor loads and displays content when tab is clicked","invocations":1,"location":null,"numPassingAsserts":12,"retryReasons":[],"status":"passed","title":"tileset editor loads and displays content when tab is clicked"}],"endTime":1760294995550,"message":"","name":"/media/peter/4509da27-4751-4dee-b366-f3983d077725/peter/projects/explore/tests/ui.test.js","startTime":1760294992747,"status":"passed","summary":""}],"wasInterrupted":false}
